<?xml version="1.0" encoding="UTF-8"?>
<testng-results skipped="0" failed="0" ignored="0" total="5" passed="5">
  <reporter-output>
  </reporter-output>
  <suite name="Suite" duration-ms="93920" started-at="2020-01-12T14:34:21 EST" finished-at="2020-01-12T14:35:55 EST">
    <groups>
    </groups>
    <test name="Test" duration-ms="93920" started-at="2020-01-12T14:34:21 EST" finished-at="2020-01-12T14:35:55 EST">
      <class name="Test.Contacttest">
        <test-method status="PASS" signature="brow()[pri:0, instance:Test.Contacttest@add0edd]" name="brow" is-config="true" duration-ms="22054" started-at="2020-01-12T14:34:21 EST" finished-at="2020-01-12T14:34:43 EST">
          <reporter-output>
          </reporter-output>
        </test-method> <!-- brow -->
        <test-method status="PASS" signature="cons()[pri:0, instance:Test.Contacttest@add0edd]" name="cons" duration-ms="2328" started-at="2020-01-12T14:35:16 EST" finished-at="2020-01-12T14:35:18 EST">
          <reporter-output>
          </reporter-output>
        </test-method> <!-- cons -->
        <test-method status="PASS" signature="fbsocial()[pri:0, instance:Test.Contacttest@add0edd]" name="fbsocial" duration-ms="18417" started-at="2020-01-12T14:35:18 EST" finished-at="2020-01-12T14:35:37 EST">
          <reporter-output>
          </reporter-output>
        </test-method> <!-- fbsocial -->
        <test-method status="PASS" signature="info(java.lang.String, java.lang.String, java.lang.String, java.lang.String)[pri:0, instance:Test.Contacttest@add0edd]" name="info" duration-ms="6005" started-at="2020-01-12T14:35:42 EST" data-provider="getData" finished-at="2020-01-12T14:35:48 EST">
          <params>
            <param index="0">
              <value>
                <![CDATA[firstname]]>
              </value>
            </param>
            <param index="1">
              <value>
                <![CDATA[lastname]]>
              </value>
            </param>
            <param index="2">
              <value>
                <![CDATA[email]]>
              </value>
            </param>
            <param index="3">
              <value>
                <![CDATA[hi]]>
              </value>
            </param>
          </params>
          <reporter-output>
          </reporter-output>
        </test-method> <!-- info -->
        <test-method status="PASS" signature="info(java.lang.String, java.lang.String, java.lang.String, java.lang.String)[pri:0, instance:Test.Contacttest@add0edd]" name="info" duration-ms="4344" started-at="2020-01-12T14:35:48 EST" data-provider="getData" finished-at="2020-01-12T14:35:52 EST">
          <params>
            <param index="0">
              <value>
                <![CDATA[name]]>
              </value>
            </param>
            <param index="1">
              <value>
                <![CDATA[last]]>
              </value>
            </param>
            <param index="2">
              <value>
                <![CDATA[email@]]>
              </value>
            </param>
            <param index="3">
              <value>
                <![CDATA[hello]]>
              </value>
            </param>
          </params>
          <reporter-output>
          </reporter-output>
        </test-method> <!-- info -->
        <test-method status="PASS" signature="teardown()[pri:0, instance:Test.Contacttest@add0edd]" name="teardown" is-config="true" duration-ms="2150" started-at="2020-01-12T14:35:52 EST" finished-at="2020-01-12T14:35:54 EST">
          <reporter-output>
          </reporter-output>
        </test-method> <!-- teardown -->
      </class> <!-- Test.Contacttest -->
      <class name="Test.Homepage">
        <test-method status="PASS" signature="contactt()[pri:0, instance:Test.Homepage@2aa3cd93]" name="contactt" duration-ms="33031" started-at="2020-01-12T14:34:43 EST" finished-at="2020-01-12T14:35:16 EST">
          <reporter-output>
          </reporter-output>
        </test-method> <!-- contactt -->
        <test-method status="PASS" signature="teardown()[pri:0, instance:Test.Homepage@2aa3cd93]" name="teardown" is-config="true" duration-ms="495" started-at="2020-01-12T14:35:54 EST" finished-at="2020-01-12T14:35:55 EST">
          <reporter-output>
          </reporter-output>
        </test-method> <!-- teardown -->
      </class> <!-- Test.Homepage -->
    </test> <!-- Test -->
  </suite> <!-- Suite -->
</testng-results>
