<?xml version="1.0" encoding="UTF-8"?>
<testng-results skipped="0" failed="0" ignored="0" total="1" passed="1">
  <reporter-output>
  </reporter-output>
  <suite name="Default suite" duration-ms="23006" started-at="2020-01-09T20:36:04 EST" finished-at="2020-01-09T20:36:27 EST">
    <groups>
    </groups>
    <test name="Default test" duration-ms="23006" started-at="2020-01-09T20:36:04 EST" finished-at="2020-01-09T20:36:27 EST">
      <class name="Test.Homepage2">
        <test-method status="PASS" signature="contactt()[pri:0, instance:Test.Homepage2@3a883ce7]" name="contactt" duration-ms="22625" started-at="2020-01-09T20:36:04 EST" finished-at="2020-01-09T20:36:26 EST">
          <reporter-output>
          </reporter-output>
        </test-method> <!-- contactt -->
      </class> <!-- Test.Homepage2 -->
    </test> <!-- Default test -->
  </suite> <!-- Default suite -->
</testng-results>
